  [1m[35m (4.6ms)[0m  [1m[34mSELECT sqlite_version(*)[0m
  [1m[35m (1.9ms)[0m  [1m[35mCREATE TABLE "schema_migrations" ("version" varchar NOT NULL PRIMARY KEY)[0m
  [1m[35m (1.6ms)[0m  [1m[35mCREATE TABLE "ar_internal_metadata" ("key" varchar NOT NULL PRIMARY KEY, "value" varchar, "created_at" datetime(6) NOT NULL, "updated_at" datetime(6) NOT NULL)[0m
  [1m[35m (0.4ms)[0m  [1m[34mSELECT "schema_migrations"."version" FROM "schema_migrations" ORDER BY "schema_migrations"."version" ASC[0m
Migrating to CreateDepartments (20210517170438)
  [1m[35m (0.1ms)[0m  [1m[36mbegin transaction[0m
  [1m[35m (2.4ms)[0m  [1m[35mCREATE TABLE "departments" ("id" integer PRIMARY KEY AUTOINCREMENT NOT NULL, "name" varchar, "created_at" datetime(6) NOT NULL, "updated_at" datetime(6) NOT NULL)[0m
  [1m[36mprimary::SchemaMigration Create (1.1ms)[0m  [1m[32mINSERT INTO "schema_migrations" ("version") VALUES (?)[0m  [["version", "20210517170438"]]
  [1m[35m (1.5ms)[0m  [1m[36mcommit transaction[0m
  [1m[36mActiveRecord::InternalMetadata Load (0.3ms)[0m  [1m[34mSELECT "ar_internal_metadata".* FROM "ar_internal_metadata" WHERE "ar_internal_metadata"."key" = ? LIMIT ?[0m  [["key", "environment"], ["LIMIT", 1]]
  [1m[35m (0.1ms)[0m  [1m[36mbegin transaction[0m
  [1m[36mActiveRecord::InternalMetadata Create (0.9ms)[0m  [1m[32mINSERT INTO "ar_internal_metadata" ("key", "value", "created_at", "updated_at") VALUES (?, ?, ?, ?)[0m  [["key", "environment"], ["value", "development"], ["created_at", "2021-05-17 17:08:16.421597"], ["updated_at", "2021-05-17 17:08:16.421597"]]
  [1m[35m (2.4ms)[0m  [1m[36mcommit transaction[0m
  [1m[35m (0.1ms)[0m  [1m[34mSELECT sqlite_version(*)[0m
  [1m[35m (0.3ms)[0m  [1m[34mSELECT "schema_migrations"."version" FROM "schema_migrations" ORDER BY "schema_migrations"."version" ASC[0m
  [1m[35m (1.6ms)[0m  [1m[34mSELECT sqlite_version(*)[0m
  [1m[35m (0.7ms)[0m  [1m[34mSELECT "schema_migrations"."version" FROM "schema_migrations" ORDER BY "schema_migrations"."version" ASC[0m
Migrating to CreateMentors (20210517171053)
  [1m[35m (0.1ms)[0m  [1m[36mbegin transaction[0m
  [1m[35m (1.4ms)[0m  [1m[35mCREATE TABLE "mentors" ("id" integer PRIMARY KEY AUTOINCREMENT NOT NULL, "name" varchar, "title" varchar, "about" varchar, "image_url" varchar, "department_id" integer, "created_at" datetime(6) NOT NULL, "updated_at" datetime(6) NOT NULL)[0m
  [1m[36mprimary::SchemaMigration Create (2.3ms)[0m  [1m[32mINSERT INTO "schema_migrations" ("version") VALUES (?)[0m  [["version", "20210517171053"]]
  [1m[35m (1.6ms)[0m  [1m[36mcommit transaction[0m
  [1m[36mActiveRecord::InternalMetadata Load (1.1ms)[0m  [1m[34mSELECT "ar_internal_metadata".* FROM "ar_internal_metadata" WHERE "ar_internal_metadata"."key" = ? LIMIT ?[0m  [["key", "environment"], ["LIMIT", 1]]
  [1m[35m (0.1ms)[0m  [1m[34mSELECT sqlite_version(*)[0m
  [1m[35m (0.3ms)[0m  [1m[34mSELECT "schema_migrations"."version" FROM "schema_migrations" ORDER BY "schema_migrations"."version" ASC[0m
  [1m[35m (1.4ms)[0m  [1m[34mSELECT sqlite_version(*)[0m
  [1m[36mDepartment Load (0.6ms)[0m  [1m[34mSELECT "departments".* FROM "departments" LIMIT ?[0m  [["LIMIT", 11]]
  [1m[35m (1.4ms)[0m  [1m[34mSELECT sqlite_version(*)[0m
  [1m[35m (0.7ms)[0m  [1m[34mSELECT "schema_migrations"."version" FROM "schema_migrations" ORDER BY "schema_migrations"."version" ASC[0m
  [1m[35m (0.1ms)[0m  [1m[34mSELECT sqlite_version(*)[0m
  [1m[35m (0.1ms)[0m  [1m[36mbegin transaction[0m
  [1m[36mDepartment Create (1.6ms)[0m  [1m[32mINSERT INTO "departments" ("name", "created_at", "updated_at") VALUES (?, ?, ?)[0m  [["name", "Technology"], ["created_at", "2021-05-18 03:21:42.176593"], ["updated_at", "2021-05-18 03:21:42.176593"]]
  [1m[35m (1.2ms)[0m  [1m[36mcommit transaction[0m
  [1m[35m (0.1ms)[0m  [1m[36mbegin transaction[0m
  [1m[36mDepartment Create (0.5ms)[0m  [1m[32mINSERT INTO "departments" ("name", "created_at", "updated_at") VALUES (?, ?, ?)[0m  [["name", "Administration"], ["created_at", "2021-05-18 03:21:42.183553"], ["updated_at", "2021-05-18 03:21:42.183553"]]
  [1m[35m (1.0ms)[0m  [1m[36mcommit transaction[0m
  [1m[35m (0.0ms)[0m  [1m[36mbegin transaction[0m
  [1m[36mDepartment Create (0.5ms)[0m  [1m[32mINSERT INTO "departments" ("name", "created_at", "updated_at") VALUES (?, ?, ?)[0m  [["name", "Operations"], ["created_at", "2021-05-18 03:21:42.188635"], ["updated_at", "2021-05-18 03:21:42.188635"]]
  [1m[35m (1.1ms)[0m  [1m[36mcommit transaction[0m
  [1m[35m (1.6ms)[0m  [1m[34mSELECT sqlite_version(*)[0m
  [1m[35m (0.2ms)[0m  [1m[34mSELECT "schema_migrations"."version" FROM "schema_migrations" ORDER BY "schema_migrations"."version" ASC[0m
  [1m[35m (0.1ms)[0m  [1m[34mSELECT sqlite_version(*)[0m
  [1m[35m (0.1ms)[0m  [1m[36mbegin transaction[0m
  [1m[36mDepartment Create (2.3ms)[0m  [1m[32mINSERT INTO "departments" ("name", "created_at", "updated_at") VALUES (?, ?, ?)[0m  [["name", "Technology"], ["created_at", "2021-05-18 03:22:48.546011"], ["updated_at", "2021-05-18 03:22:48.546011"]]
  [1m[35m (1.1ms)[0m  [1m[36mcommit transaction[0m
  [1m[35m (0.0ms)[0m  [1m[36mbegin transaction[0m
  [1m[36mDepartment Create (0.5ms)[0m  [1m[32mINSERT INTO "departments" ("name", "created_at", "updated_at") VALUES (?, ?, ?)[0m  [["name", "Administration"], ["created_at", "2021-05-18 03:22:48.554990"], ["updated_at", "2021-05-18 03:22:48.554990"]]
  [1m[35m (1.0ms)[0m  [1m[36mcommit transaction[0m
  [1m[35m (0.1ms)[0m  [1m[36mbegin transaction[0m
  [1m[36mDepartment Create (1.2ms)[0m  [1m[32mINSERT INTO "departments" ("name", "created_at", "updated_at") VALUES (?, ?, ?)[0m  [["name", "Operations"], ["created_at", "2021-05-18 03:22:48.562110"], ["updated_at", "2021-05-18 03:22:48.562110"]]
  [1m[35m (2.2ms)[0m  [1m[36mcommit transaction[0m
  [1m[35m (0.1ms)[0m  [1m[36mbegin transaction[0m
  [1m[36mDepartment Load (0.3ms)[0m  [1m[34mSELECT "departments".* FROM "departments" WHERE "departments"."id" = ? LIMIT ?[0m  [["id", 6], ["LIMIT", 1]]
  [1m[36mMentor Create (1.8ms)[0m  [1m[32mINSERT INTO "mentors" ("name", "title", "about", "image_url", "department_id", "created_at", "updated_at") VALUES (?, ?, ?, ?, ?, ?, ?)[0m  [["name", "Olivia Pope"], ["title", "Operations Manager"], ["about", "I have been working at the company 20 years and love spotting rising talent"], ["image_url", "https://i.insider.com/5b9a970d3cccd127008b45cd?width=700"], ["department_id", 6], ["created_at", "2021-05-18 03:22:48.638543"], ["updated_at", "2021-05-18 03:22:48.638543"]]
  [1m[35m (1.2ms)[0m  [1m[36mcommit transaction[0m
  [1m[35m (1.7ms)[0m  [1m[34mSELECT sqlite_version(*)[0m
  [1m[36mMentor Load (0.7ms)[0m  [1m[34mSELECT "mentors".* FROM "mentors" LIMIT ?[0m  [["LIMIT", 11]]
  [1m[36mDepartment Load (0.6ms)[0m  [1m[34mSELECT "departments".* FROM "departments" LIMIT ?[0m  [["LIMIT", 11]]
  [1m[36mDepartment Load (0.3ms)[0m  [1m[34mSELECT "departments".* FROM "departments" ORDER BY "departments"."id" ASC LIMIT ?[0m  [["LIMIT", 1]]
  [1m[36mMentor Load (0.3ms)[0m  [1m[34mSELECT "mentors".* FROM "mentors" WHERE "mentors"."department_id" = ? LIMIT ?[0m  [["department_id", 1], ["LIMIT", 11]]
  [1m[35m (1.3ms)[0m  [1m[34mSELECT sqlite_version(*)[0m
  [1m[35m (0.7ms)[0m  [1m[34mSELECT "schema_migrations"."version" FROM "schema_migrations" ORDER BY "schema_migrations"."version" ASC[0m
  [1m[36mActiveRecord::InternalMetadata Load (0.8ms)[0m  [1m[34mSELECT "ar_internal_metadata".* FROM "ar_internal_metadata" WHERE "ar_internal_metadata"."key" = ? LIMIT ?[0m  [["key", "environment"], ["LIMIT", 1]]
  [1m[35m (0.1ms)[0m  [1m[34mSELECT sqlite_version(*)[0m
  [1m[35m (0.1ms)[0m  [1m[34mSELECT "schema_migrations"."version" FROM "schema_migrations" ORDER BY "schema_migrations"."version" ASC[0m
  [1m[35m (1.4ms)[0m  [1m[34mSELECT sqlite_version(*)[0m
  [1m[35m (0.8ms)[0m  [1m[34mSELECT "schema_migrations"."version" FROM "schema_migrations" ORDER BY "schema_migrations"."version" ASC[0m
  [1m[35m (0.8ms)[0m  [1m[34mSELECT "ar_internal_metadata"."value" FROM "ar_internal_metadata" WHERE "ar_internal_metadata"."key" = ?[0m  [["key", "environment"]]
  [1m[35m (0.1ms)[0m  [1m[34mSELECT "schema_migrations"."version" FROM "schema_migrations" ORDER BY "schema_migrations"."version" ASC[0m
  [1m[35m (0.1ms)[0m  [1m[34mSELECT "ar_internal_metadata"."value" FROM "ar_internal_metadata" WHERE "ar_internal_metadata"."key" = ?[0m  [["key", "environment"]]
  [1m[35m (0.1ms)[0m  [1m[34mSELECT "schema_migrations"."version" FROM "schema_migrations" ORDER BY "schema_migrations"."version" ASC[0m
  [1m[35m (0.1ms)[0m  [1m[34mSELECT "ar_internal_metadata"."value" FROM "ar_internal_metadata" WHERE "ar_internal_metadata"."key" = ?[0m  [["key", "environment"]]
  [1m[35m (0.2ms)[0m  [1m[34mSELECT sqlite_version(*)[0m
  [1m[35m (0.5ms)[0m  [1m[34mSELECT sqlite_version(*)[0m
  [1m[35m (0.2ms)[0m  [1m[34mSELECT sqlite_version(*)[0m
  [1m[35m (0.2ms)[0m  [1m[35mDROP TABLE IF EXISTS "departments"[0m
  [1m[35m (4.2ms)[0m  [1m[35mCREATE TABLE "departments" ("id" integer PRIMARY KEY AUTOINCREMENT NOT NULL, "name" varchar, "created_at" datetime(6) NOT NULL, "updated_at" datetime(6) NOT NULL)[0m
  [1m[35m (0.3ms)[0m  [1m[35mDROP TABLE IF EXISTS "mentors"[0m
  [1m[35m (1.7ms)[0m  [1m[35mCREATE TABLE "mentors" ("id" integer PRIMARY KEY AUTOINCREMENT NOT NULL, "name" varchar, "title" varchar, "about" varchar, "image_url" varchar, "department_id" integer, "created_at" datetime(6) NOT NULL, "updated_at" datetime(6) NOT NULL)[0m
  [1m[35m (1.7ms)[0m  [1m[35mCREATE TABLE "schema_migrations" ("version" varchar NOT NULL PRIMARY KEY)[0m
  [1m[35m (0.1ms)[0m  [1m[34mSELECT "schema_migrations"."version" FROM "schema_migrations" ORDER BY "schema_migrations"."version" ASC[0m
  [1m[35m (1.9ms)[0m  [1m[32mINSERT INTO "schema_migrations" (version) VALUES (20210517171053)[0m
  [1m[35m (2.9ms)[0m  [1m[32mINSERT INTO "schema_migrations" (version) VALUES
(20210517170438);

[0m
  [1m[35m (2.5ms)[0m  [1m[35mCREATE TABLE "ar_internal_metadata" ("key" varchar NOT NULL PRIMARY KEY, "value" varchar, "created_at" datetime(6) NOT NULL, "updated_at" datetime(6) NOT NULL)[0m
  [1m[36mActiveRecord::InternalMetadata Load (0.3ms)[0m  [1m[34mSELECT "ar_internal_metadata".* FROM "ar_internal_metadata" WHERE "ar_internal_metadata"."key" = ? LIMIT ?[0m  [["key", "environment"], ["LIMIT", 1]]
  [1m[35m (0.1ms)[0m  [1m[36mbegin transaction[0m
  [1m[36mActiveRecord::InternalMetadata Create (0.8ms)[0m  [1m[32mINSERT INTO "ar_internal_metadata" ("key", "value", "created_at", "updated_at") VALUES (?, ?, ?, ?)[0m  [["key", "environment"], ["value", "development"], ["created_at", "2021-05-18 03:31:44.849347"], ["updated_at", "2021-05-18 03:31:44.849347"]]
  [1m[35m (1.4ms)[0m  [1m[36mcommit transaction[0m
  [1m[36mActiveRecord::InternalMetadata Load (0.1ms)[0m  [1m[34mSELECT "ar_internal_metadata".* FROM "ar_internal_metadata" WHERE "ar_internal_metadata"."key" = ? LIMIT ?[0m  [["key", "environment"], ["LIMIT", 1]]
  [1m[36mActiveRecord::InternalMetadata Load (0.2ms)[0m  [1m[34mSELECT "ar_internal_metadata".* FROM "ar_internal_metadata" WHERE "ar_internal_metadata"."key" = ? LIMIT ?[0m  [["key", "schema_sha1"], ["LIMIT", 1]]
  [1m[35m (0.1ms)[0m  [1m[36mbegin transaction[0m
  [1m[36mActiveRecord::InternalMetadata Create (0.6ms)[0m  [1m[32mINSERT INTO "ar_internal_metadata" ("key", "value", "created_at", "updated_at") VALUES (?, ?, ?, ?)[0m  [["key", "schema_sha1"], ["value", "5db752a3ea15b481378899f5dcc972544194f5e1"], ["created_at", "2021-05-18 03:31:44.873983"], ["updated_at", "2021-05-18 03:31:44.873983"]]
  [1m[35m (1.4ms)[0m  [1m[36mcommit transaction[0m
  [1m[35m (0.1ms)[0m  [1m[34mSELECT sqlite_version(*)[0m
  [1m[35m (0.1ms)[0m  [1m[35mDROP TABLE IF EXISTS "departments"[0m
  [1m[35m (1.5ms)[0m  [1m[35mCREATE TABLE "departments" ("id" integer PRIMARY KEY AUTOINCREMENT NOT NULL, "name" varchar, "created_at" datetime(6) NOT NULL, "updated_at" datetime(6) NOT NULL)[0m
  [1m[35m (0.2ms)[0m  [1m[35mDROP TABLE IF EXISTS "mentors"[0m
  [1m[35m (1.8ms)[0m  [1m[35mCREATE TABLE "mentors" ("id" integer PRIMARY KEY AUTOINCREMENT NOT NULL, "name" varchar, "title" varchar, "about" varchar, "image_url" varchar, "department_id" integer, "created_at" datetime(6) NOT NULL, "updated_at" datetime(6) NOT NULL)[0m
  [1m[35m (1.5ms)[0m  [1m[35mCREATE TABLE "schema_migrations" ("version" varchar NOT NULL PRIMARY KEY)[0m
  [1m[35m (0.1ms)[0m  [1m[34mSELECT "schema_migrations"."version" FROM "schema_migrations" ORDER BY "schema_migrations"."version" ASC[0m
  [1m[35m (2.6ms)[0m  [1m[32mINSERT INTO "schema_migrations" (version) VALUES (20210517171053)[0m
  [1m[35m (5.1ms)[0m  [1m[32mINSERT INTO "schema_migrations" (version) VALUES
(20210517170438);

[0m
  [1m[35m (2.9ms)[0m  [1m[35mCREATE TABLE "ar_internal_metadata" ("key" varchar NOT NULL PRIMARY KEY, "value" varchar, "created_at" datetime(6) NOT NULL, "updated_at" datetime(6) NOT NULL)[0m
  [1m[36mActiveRecord::InternalMetadata Load (0.2ms)[0m  [1m[34mSELECT "ar_internal_metadata".* FROM "ar_internal_metadata" WHERE "ar_internal_metadata"."key" = ? LIMIT ?[0m  [["key", "environment"], ["LIMIT", 1]]
  [1m[35m (0.1ms)[0m  [1m[36mbegin transaction[0m
  [1m[36mActiveRecord::InternalMetadata Create (1.6ms)[0m  [1m[32mINSERT INTO "ar_internal_metadata" ("key", "value", "created_at", "updated_at") VALUES (?, ?, ?, ?)[0m  [["key", "environment"], ["value", "development"], ["created_at", "2021-05-18 03:31:44.940373"], ["updated_at", "2021-05-18 03:31:44.940373"]]
  [1m[35m (1.9ms)[0m  [1m[36mcommit transaction[0m
  [1m[36mActiveRecord::InternalMetadata Load (0.1ms)[0m  [1m[34mSELECT "ar_internal_metadata".* FROM "ar_internal_metadata" WHERE "ar_internal_metadata"."key" = ? LIMIT ?[0m  [["key", "environment"], ["LIMIT", 1]]
  [1m[35m (0.1ms)[0m  [1m[36mbegin transaction[0m
  [1m[36mActiveRecord::InternalMetadata Update (0.4ms)[0m  [1m[33mUPDATE "ar_internal_metadata" SET "value" = ?, "updated_at" = ? WHERE "ar_internal_metadata"."key" = ?[0m  [["value", "test"], ["updated_at", "2021-05-18 03:31:44.950806"], ["key", "environment"]]
  [1m[35m (1.2ms)[0m  [1m[36mcommit transaction[0m
  [1m[36mActiveRecord::InternalMetadata Load (0.2ms)[0m  [1m[34mSELECT "ar_internal_metadata".* FROM "ar_internal_metadata" WHERE "ar_internal_metadata"."key" = ? LIMIT ?[0m  [["key", "schema_sha1"], ["LIMIT", 1]]
  [1m[35m (0.1ms)[0m  [1m[36mbegin transaction[0m
  [1m[36mActiveRecord::InternalMetadata Create (1.8ms)[0m  [1m[32mINSERT INTO "ar_internal_metadata" ("key", "value", "created_at", "updated_at") VALUES (?, ?, ?, ?)[0m  [["key", "schema_sha1"], ["value", "5db752a3ea15b481378899f5dcc972544194f5e1"], ["created_at", "2021-05-18 03:31:44.959638"], ["updated_at", "2021-05-18 03:31:44.959638"]]
  [1m[35m (2.3ms)[0m  [1m[36mcommit transaction[0m
  [1m[35m (0.1ms)[0m  [1m[34mSELECT sqlite_version(*)[0m
  [1m[35m (0.1ms)[0m  [1m[34mSELECT "schema_migrations"."version" FROM "schema_migrations" ORDER BY "schema_migrations"."version" ASC[0m
Started GET "/" for ::1 at 2021-05-17 22:38:20 -0500
  [1m[35m (3.0ms)[0m  [1m[34mSELECT sqlite_version(*)[0m
  [1m[35m (0.7ms)[0m  [1m[34mSELECT "schema_migrations"."version" FROM "schema_migrations" ORDER BY "schema_migrations"."version" ASC[0m
Processing by Rails::WelcomeController#index as HTML
  Rendering /Users/danielleellis/.rvm/gems/ruby-2.6.1/gems/railties-6.0.3.7/lib/rails/templates/rails/welcome/index.html.erb
  Rendered /Users/danielleellis/.rvm/gems/ruby-2.6.1/gems/railties-6.0.3.7/lib/rails/templates/rails/welcome/index.html.erb (Duration: 34.7ms | Allocations: 480)
Completed 200 OK in 87ms (Views: 72.2ms | ActiveRecord: 0.0ms | Allocations: 2631)


Started GET "/favicon.ico" for ::1 at 2021-05-17 22:38:22 -0500
  
ActionController::RoutingError (No route matches [GET] "/favicon.ico"):
  
actionpack (6.0.3.7) lib/action_dispatch/middleware/debug_exceptions.rb:36:in `call'
actionpack (6.0.3.7) lib/action_dispatch/middleware/show_exceptions.rb:33:in `call'
railties (6.0.3.7) lib/rails/rack/logger.rb:37:in `call_app'
railties (6.0.3.7) lib/rails/rack/logger.rb:26:in `block in call'
activesupport (6.0.3.7) lib/active_support/tagged_logging.rb:80:in `block in tagged'
activesupport (6.0.3.7) lib/active_support/tagged_logging.rb:28:in `tagged'
activesupport (6.0.3.7) lib/active_support/tagged_logging.rb:80:in `tagged'
railties (6.0.3.7) lib/rails/rack/logger.rb:26:in `call'
actionpack (6.0.3.7) lib/action_dispatch/middleware/remote_ip.rb:81:in `call'
actionpack (6.0.3.7) lib/action_dispatch/middleware/request_id.rb:27:in `call'
rack (2.2.3) lib/rack/runtime.rb:22:in `call'
activesupport (6.0.3.7) lib/active_support/cache/strategy/local_cache_middleware.rb:29:in `call'
actionpack (6.0.3.7) lib/action_dispatch/middleware/executor.rb:14:in `call'
actionpack (6.0.3.7) lib/action_dispatch/middleware/static.rb:126:in `call'
rack (2.2.3) lib/rack/sendfile.rb:110:in `call'
actionpack (6.0.3.7) lib/action_dispatch/middleware/host_authorization.rb:82:in `call'
railties (6.0.3.7) lib/rails/engine.rb:527:in `call'
puma (4.3.8) lib/puma/configuration.rb:228:in `call'
puma (4.3.8) lib/puma/server.rb:718:in `handle_request'
puma (4.3.8) lib/puma/server.rb:472:in `process_client'
puma (4.3.8) lib/puma/server.rb:328:in `block in run'
puma (4.3.8) lib/puma/thread_pool.rb:134:in `block in spawn_thread'
Started GET "/" for ::1 at 2021-05-17 22:39:16 -0500
Processing by Rails::WelcomeController#index as HTML
  Rendering /Users/danielleellis/.rvm/gems/ruby-2.6.1/gems/railties-6.0.3.7/lib/rails/templates/rails/welcome/index.html.erb
  Rendered /Users/danielleellis/.rvm/gems/ruby-2.6.1/gems/railties-6.0.3.7/lib/rails/templates/rails/welcome/index.html.erb (Duration: 32.4ms | Allocations: 191)
Completed 200 OK in 52ms (Views: 42.5ms | ActiveRecord: 0.0ms | Allocations: 739)


Started GET "/rails/info/routes" for ::1 at 2021-05-17 22:39:19 -0500
Processing by Rails::InfoController#routes as HTML
  Rendering /Users/danielleellis/.rvm/gems/ruby-2.6.1/gems/railties-6.0.3.7/lib/rails/templates/rails/info/routes.html.erb within layouts/application
  Rendered collection of /Users/danielleellis/.rvm/gems/ruby-2.6.1/gems/actionpack-6.0.3.7/lib/action_dispatch/middleware/templates/routes/_route.html.erb [21 times] (Duration: 16.4ms | Allocations: 2500)
  Rendered /Users/danielleellis/.rvm/gems/ruby-2.6.1/gems/actionpack-6.0.3.7/lib/action_dispatch/middleware/templates/routes/_table.html.erb (Duration: 4.3ms | Allocations: 703)
  Rendered /Users/danielleellis/.rvm/gems/ruby-2.6.1/gems/railties-6.0.3.7/lib/rails/templates/rails/info/routes.html.erb within layouts/application (Duration: 28.5ms | Allocations: 4846)
Completed 200 OK in 39ms (Views: 35.7ms | ActiveRecord: 0.0ms | Allocations: 5995)


